{
  "RSpec": {
    "coverage": {
      "/Users/vas/Code/Rails/ak-memorial-foundation/app/models/user.rb": [
        1,
        null,
        null,
        null,
        null,
        1,
        null,
        null,
        1,
        1,
        null,
        1,
        1,
        1,
        null,
        1,
        null,
        1,
        1,
        1,
        1,
        null,
        null,
        1,
        1,
        1,
        1,
        1,
        1,
        null,
        1,
        1,
        null,
        null,
        null,
        1,
        1,
        1,
        1,
        null,
        1,
        1,
        null,
        1,
        1,
        null,
        1,
        1,
        null,
        1,
        null,
        null,
        1,
        14,
        10,
        null,
        4,
        0,
        0,
        null,
        4,
        null,
        null,
        null,
        null,
        1,
        1,
        null,
        null,
        1,
        4,
        4,
        1,
        null,
        4,
        1,
        1,
        null,
        null,
        4,
        1,
        0,
        null,
        null,
        4,
        null,
        null,
        1,
        2,
        null,
        null,
        1,
        4,
        4,
        8,
        null,
        4,
        null,
        null,
        1,
        12,
        null,
        null,
        1,
        12,
        null,
        null,
        1,
        0,
        null,
        null,
        1,
        14,
        null,
        null,
        1,
        6,
        0,
        0,
        0,
        null,
        0,
        null,
        null,
        6,
        null,
        null,
        null,
        1,
        2,
        2,
        1,
        null,
        null,
        null,
        1,
        0,
        0,
        0,
        0,
        null,
        0,
        null,
        null,
        0,
        null,
        null,
        null,
        null,
        null,
        1,
        214,
        176,
        0,
        null,
        176,
        0,
        null,
        null,
        null,
        null,
        1,
        214,
        214,
        175,
        0,
        null,
        175,
        0,
        null,
        null,
        null,
        null,
        1,
        214,
        214,
        175,
        0,
        null,
        175,
        0,
        null,
        null,
        null,
        null,
        1,
        214,
        214,
        175,
        0,
        null,
        175,
        0,
        null,
        null,
        null,
        null,
        null,
        null,
        1,
        0,
        0,
        0,
        null,
        0,
        0,
        0,
        0,
        0,
        0,
        null,
        0,
        null,
        0,
        0,
        null,
        0,
        null,
        null,
        null,
        null,
        null,
        0,
        null,
        null,
        null,
        null,
        1,
        0,
        0,
        0,
        0,
        0,
        0,
        0,
        0,
        0,
        null,
        0,
        null,
        0,
        0,
        null,
        0,
        null,
        null,
        0,
        0,
        null,
        0,
        null,
        null,
        null,
        null,
        null,
        1,
        0,
        0,
        0,
        0,
        0,
        0,
        0,
        0,
        0,
        null,
        0,
        null,
        0,
        0,
        null,
        0,
        null,
        null,
        0,
        null,
        0,
        null,
        0,
        null,
        null,
        null,
        null,
        null
      ],
      "/Users/vas/Code/Rails/ak-memorial-foundation/app/models/application_record.rb": [
        1,
        1,
        null
      ],
      "/Users/vas/Code/Rails/ak-memorial-foundation/app/helpers/admin_helper.rb": [
        1,
        null
      ],
      "/Users/vas/Code/Rails/ak-memorial-foundation/app/helpers/application_helper.rb": [
        1,
        null,
        1,
        10,
        0,
        null,
        null,
        10,
        null,
        null,
        null,
        1,
        10,
        null,
        null,
        null,
        1,
        934,
        null,
        null,
        1,
        4,
        null,
        null,
        1,
        8,
        null,
        null,
        1,
        2,
        2,
        null,
        0,
        null,
        null,
        null,
        null
      ],
      "/Users/vas/Code/Rails/ak-memorial-foundation/app/helpers/charges_helper.rb": [
        1,
        null
      ],
      "/Users/vas/Code/Rails/ak-memorial-foundation/app/helpers/groups_helper.rb": [
        1,
        null
      ],
      "/Users/vas/Code/Rails/ak-memorial-foundation/app/helpers/invites_helper.rb": [
        1,
        null
      ],
      "/Users/vas/Code/Rails/ak-memorial-foundation/app/helpers/main_helper.rb": [
        1,
        null
      ],
      "/Users/vas/Code/Rails/ak-memorial-foundation/app/helpers/products_helper.rb": [
        1,
        null
      ],
      "/Users/vas/Code/Rails/ak-memorial-foundation/app/helpers/purchases_helper.rb": [
        1,
        null
      ],
      "/Users/vas/Code/Rails/ak-memorial-foundation/app/helpers/shopping_carts_helper.rb": [
        1,
        null
      ],
      "/Users/vas/Code/Rails/ak-memorial-foundation/app/helpers/user_helper.rb": [
        1,
        null
      ],
      "/Users/vas/Code/Rails/ak-memorial-foundation/app/mailers/admin_mailer.rb": [
        1,
        null,
        1,
        1,
        1,
        null,
        1,
        null,
        1,
        1,
        null,
        null,
        1,
        null,
        null,
        1,
        1,
        1,
        null,
        1,
        1,
        null,
        1,
        null,
        0,
        null,
        0,
        null,
        null,
        1,
        1,
        null,
        null,
        1,
        null,
        null,
        null
      ],
      "/Users/vas/Code/Rails/ak-memorial-foundation/app/mailers/application_mailer.rb": [
        1,
        1,
        1,
        null
      ],
      "/Users/vas/Code/Rails/ak-memorial-foundation/app/mailers/invite_users_mailer.rb": [
        1,
        1,
        null,
        1,
        null,
        1,
        0,
        0,
        0,
        null,
        0,
        null,
        null,
        1,
        null,
        1,
        0,
        null,
        0,
        null,
        null,
        null,
        null,
        null
      ],
      "/Users/vas/Code/Rails/ak-memorial-foundation/app/policies/admin_policy.rb": [
        1,
        null,
        1,
        2,
        null,
        null,
        1,
        2,
        null,
        null
      ],
      "/Users/vas/Code/Rails/ak-memorial-foundation/app/policies/purchase_policy.rb": [
        1,
        null
      ],
      "/Users/vas/Code/Rails/ak-memorial-foundation/app/policies/application_policy.rb": [
        1,
        1,
        1,
        56,
        54,
        54,
        null,
        null,
        1,
        3,
        null,
        null,
        1,
        2,
        null,
        null,
        1,
        2,
        null,
        null,
        1,
        2,
        null,
        null,
        1,
        2,
        null,
        null,
        1,
        2,
        null,
        null,
        1,
        2,
        null,
        null,
        1,
        15,
        null,
        null,
        null
      ],
      "/Users/vas/Code/Rails/ak-memorial-foundation/app/policies/user_policy.rb": [
        1,
        1,
        null,
        1,
        40,
        39,
        39,
        null,
        null,
        1,
        4,
        null,
        null,
        1,
        3,
        null,
        null,
        1,
        6,
        null,
        null,
        1,
        5,
        null,
        null,
        1,
        6,
        null,
        null,
        1,
        5,
        null,
        null,
        1,
        5,
        null,
        null,
        1,
        5,
        null,
        null
      ],
      "/Users/vas/Code/Rails/ak-memorial-foundation/app/models/product.rb": [
        1,
        1,
        null,
        null,
        1,
        70,
        null,
        null,
        1,
        2,
        null,
        null,
        1,
        0,
        0,
        0,
        0,
        null,
        null,
        1,
        0,
        null,
        null
      ],
      "/Users/vas/Code/Rails/ak-memorial-foundation/app/controllers/main_controller.rb": [
        1,
        null,
        1,
        null,
        1,
        null,
        1,
        2,
        2,
        2,
        2,
        null,
        null,
        1,
        null,
        1,
        null,
        1,
        null,
        1,
        2,
        null,
        null,
        null,
        1,
        null,
        1,
        null,
        1,
        null
      ],
      "/Users/vas/Code/Rails/ak-memorial-foundation/app/controllers/application_controller.rb": [
        1,
        1,
        1,
        1,
        1,
        1,
        null,
        1,
        0,
        null,
        null,
        1,
        null,
        1,
        0,
        0,
        0,
        null,
        null,
        1,
        null,
        1,
        46,
        null,
        null,
        1,
        2,
        2,
        null,
        2,
        null,
        null,
        null,
        null,
        null,
        null,
        null,
        null
      ],
      "/Users/vas/Code/Rails/ak-memorial-foundation/app/models/purchase.rb": [
        1,
        1,
        null,
        null,
        null,
        1,
        1,
        null,
        1,
        1,
        1,
        null,
        1,
        1,
        null,
        55,
        null,
        1,
        3,
        null,
        null,
        null,
        null,
        1,
        0,
        0,
        0,
        null,
        0,
        null,
        null,
        1,
        0,
        0,
        0,
        null,
        0,
        null,
        null,
        1,
        0,
        0,
        0,
        null,
        0,
        null,
        null
      ],
      "/Users/vas/Code/Rails/ak-memorial-foundation/app/models/shopping_cart.rb": [
        1,
        1,
        1,
        null,
        1,
        1,
        null
      ],
      "/Users/vas/Code/Rails/ak-memorial-foundation/app/controllers/shopping_carts_controller.rb": [
        1,
        1,
        1,
        null,
        null,
        null,
        1,
        null,
        1,
        2,
        2,
        2,
        2,
        2,
        2,
        2,
        4,
        2,
        null,
        0,
        0,
        null,
        null,
        null,
        null,
        null,
        null,
        1,
        1,
        1,
        2,
        1,
        null,
        null,
        null,
        1,
        null,
        1,
        1,
        null,
        null,
        null,
        1,
        0,
        null,
        null
      ],
      "/Users/vas/Code/Rails/ak-memorial-foundation/app/controllers/users_controller.rb": [
        1,
        1,
        1,
        1,
        1,
        null,
        1,
        0,
        0,
        null,
        null,
        1,
        0,
        0,
        null,
        null,
        1,
        null,
        1,
        1,
        1,
        null,
        null,
        1,
        null,
        1,
        1,
        1,
        1,
        1,
        0,
        0,
        null,
        2,
        1,
        null,
        null,
        null,
        null,
        1,
        2,
        2,
        2,
        4,
        2,
        null,
        0,
        0,
        null,
        null,
        null,
        null,
        1,
        1,
        null,
        null,
        null,
        1,
        null,
        1,
        6,
        6,
        null,
        null,
        1,
        3,
        null,
        null
      ],
      "/Users/vas/Code/Rails/ak-memorial-foundation/app/models/invite.rb": [
        1,
        1,
        null,
        1,
        null,
        1,
        null,
        null
      ],
      "/Users/vas/Code/Rails/ak-memorial-foundation/app/controllers/admin_controller.rb": [
        1,
        1,
        1,
        null,
        1,
        0,
        0,
        0,
        0,
        0,
        0,
        0,
        null,
        null,
        null
      ],
      "/Users/vas/Code/Rails/ak-memorial-foundation/app/controllers/users/registrations_controller.rb": [
        null,
        null,
        1,
        1,
        1,
        1,
        null,
        null,
        null,
        null,
        null,
        null,
        null,
        1,
        0,
        null,
        0,
        null,
        null,
        null,
        null,
        null,
        null,
        0,
        null,
        null,
        0,
        0,
        0,
        0,
        0,
        null,
        null,
        null,
        null,
        null,
        null,
        null,
        null,
        null,
        null,
        null,
        null,
        1,
        0,
        null,
        0,
        0,
        null,
        null,
        0,
        0,
        null,
        null,
        0,
        0,
        null,
        null,
        null,
        null,
        null,
        null,
        null,
        null,
        null,
        null,
        null,
        null,
        null,
        null,
        null,
        null,
        null,
        null,
        null,
        1,
        null,
        1,
        0,
        0,
        0,
        0,
        0,
        null,
        null,
        null,
        null,
        1,
        0,
        null,
        null,
        null,
        1,
        0,
        null,
        null,
        null,
        1,
        0,
        null,
        null,
        1,
        0,
        null,
        null,
        null,
        null,
        null,
        null,
        null,
        null
      ],
      "/Users/vas/Code/Rails/ak-memorial-foundation/app/controllers/purchases_controller.rb": [
        1,
        1,
        1,
        1,
        null,
        null,
        null,
        1,
        1,
        null,
        null,
        null,
        null,
        1,
        null,
        null,
        null,
        1,
        0,
        null,
        null,
        null,
        1,
        null,
        null,
        null,
        null,
        1,
        0,
        0,
        null,
        0,
        0,
        0,
        0,
        null,
        0,
        0,
        null,
        null,
        null,
        null,
        null,
        null,
        1,
        0,
        0,
        0,
        0,
        null,
        0,
        0,
        null,
        null,
        null,
        null,
        null,
        null,
        1,
        0,
        0,
        0,
        0,
        null,
        null,
        null,
        1,
        null,
        1,
        1,
        null,
        null,
        1,
        0,
        null,
        null,
        1,
        0,
        null,
        null
      ],
      "/Users/vas/Code/Rails/ak-memorial-foundation/app/controllers/charges_controller.rb": [
        1,
        null,
        null,
        1,
        2,
        2,
        0,
        0,
        null,
        2,
        0,
        null,
        null,
        null,
        null,
        1,
        null,
        2,
        null,
        1,
        1,
        null,
        1,
        null,
        null,
        null,
        null,
        null,
        null,
        1,
        1,
        1,
        1,
        1,
        0,
        0,
        0,
        null,
        0,
        null,
        null,
        null,
        0,
        null,
        1,
        1,
        1,
        null,
        0,
        0,
        null,
        0,
        null,
        0,
        null,
        0,
        null,
        null,
        null,
        null,
        null,
        null,
        0,
        null,
        0,
        0,
        0,
        0,
        0,
        0,
        0,
        null,
        0,
        null,
        0,
        null,
        null,
        0,
        0,
        0,
        0,
        0,
        0,
        0,
        null,
        null,
        0,
        0,
        null,
        null,
        null,
        null,
        null,
        null,
        0,
        0,
        null,
        null,
        1,
        null,
        1,
        0,
        null,
        null,
        null
      ],
      "/Users/vas/Code/Rails/ak-memorial-foundation/app/policies/charges_policy.rb": [
        null,
        null,
        null,
        null,
        null,
        null,
        null,
        0,
        0,
        0,
        null,
        0,
        null,
        0,
        0,
        null,
        0,
        null,
        0
      ],
      "/Users/vas/Code/Rails/ak-memorial-foundation/app/jobs/application_job.rb": [
        0,
        0
      ],
      "/Users/vas/Code/Rails/ak-memorial-foundation/app/controllers/groups_controller.rb": [
        0,
        0,
        null,
        null,
        0,
        0,
        null,
        0,
        null,
        0,
        0,
        0,
        null,
        null,
        0,
        0,
        0,
        0
      ],
      "/Users/vas/Code/Rails/ak-memorial-foundation/app/controllers/users/omniauth_callbacks_controller.rb": [
        null,
        null,
        0,
        null,
        null,
        null,
        null,
        null,
        null,
        null,
        null,
        null,
        null,
        null,
        null,
        null,
        null,
        null,
        null,
        null,
        null,
        null,
        null,
        null,
        null,
        null,
        null,
        null,
        null,
        0
      ],
      "/Users/vas/Code/Rails/ak-memorial-foundation/app/controllers/users/passwords_controller.rb": [
        null,
        null,
        0,
        null,
        null,
        null,
        null,
        null,
        null,
        null,
        null,
        null,
        null,
        null,
        null,
        null,
        null,
        null,
        null,
        null,
        null,
        null,
        null,
        null,
        null,
        null,
        null,
        null,
        null,
        null,
        null,
        null,
        null,
        0
      ],
      "/Users/vas/Code/Rails/ak-memorial-foundation/app/controllers/users/sessions_controller.rb": [
        null,
        null,
        0,
        null,
        null,
        null,
        null,
        null,
        null,
        null,
        null,
        null,
        null,
        null,
        null,
        null,
        null,
        null,
        null,
        null,
        null,
        null,
        null,
        null,
        null,
        null,
        0
      ],
      "/Users/vas/Code/Rails/ak-memorial-foundation/app/controllers/users/unlocks_controller.rb": [
        null,
        null,
        0,
        null,
        null,
        null,
        null,
        null,
        null,
        null,
        null,
        null,
        null,
        null,
        null,
        null,
        null,
        null,
        null,
        null,
        null,
        null,
        null,
        null,
        null,
        null,
        null,
        null,
        null,
        0
      ],
      "/Users/vas/Code/Rails/ak-memorial-foundation/app/controllers/users/confirmations_controller.rb": [
        null,
        null,
        0,
        null,
        null,
        null,
        null,
        null,
        null,
        null,
        null,
        null,
        null,
        null,
        null,
        null,
        null,
        null,
        null,
        null,
        null,
        null,
        null,
        null,
        null,
        null,
        null,
        null,
        null,
        0
      ],
      "/Users/vas/Code/Rails/ak-memorial-foundation/app/controllers/invites_controller.rb": [
        0,
        0,
        null,
        null,
        null,
        0,
        0,
        0,
        null,
        null,
        null,
        0,
        0,
        null,
        null,
        0,
        0,
        0,
        null,
        null,
        0,
        0,
        null,
        null,
        null,
        0,
        0,
        null,
        0,
        0,
        0,
        0,
        0,
        0,
        0,
        0,
        0,
        0,
        null,
        null,
        null,
        0,
        0,
        0,
        0,
        0,
        0,
        0,
        0,
        0,
        0,
        0,
        null,
        null,
        null,
        0,
        0,
        0,
        0,
        0,
        0,
        0,
        null,
        0,
        null,
        0,
        0,
        0,
        null,
        null,
        0,
        0,
        0,
        0
      ],
      "/Users/vas/Code/Rails/ak-memorial-foundation/app/channels/application_cable/connection.rb": [
        0,
        0,
        0,
        0
      ],
      "/Users/vas/Code/Rails/ak-memorial-foundation/app/channels/application_cable/channel.rb": [
        0,
        0,
        0,
        0
      ],
      "/Users/vas/Code/Rails/ak-memorial-foundation/lib/memorial_rake_commands.rb": [
        0,
        0,
        0,
        0,
        null,
        null,
        null,
        0,
        0,
        0,
        null,
        0,
        0,
        0,
        0,
        null,
        0,
        0,
        0,
        0,
        0,
        null,
        0,
        0,
        0,
        0,
        0,
        null,
        0,
        0,
        0,
        0,
        0,
        null,
        0,
        0,
        0,
        0,
        0,
        null,
        0,
        0,
        0,
        null,
        null,
        0,
        0,
        null,
        0,
        0,
        0,
        0,
        0,
        0,
        0,
        0,
        0,
        0,
        0,
        0,
        null,
        0,
        0,
        0,
        0,
        0,
        null,
        0,
        null,
        0,
        0,
        0,
        0,
        0,
        0,
        0,
        null,
        0,
        0,
        0,
        null,
        0,
        null,
        0,
        0,
        0,
        null,
        0
      ]
    },
    "timestamp": 1529815024
  }
}
